1 1
1 2
1 3
1 4
3.12717 5
4.98665 6
6.60278 7
8.36729 8
10.3314 9
12.3932 10
14.5413 11
16.188 12
17.9627 13
19.5275 14
21.2185 15
22.8623 16
24.4381 17
26.191 18
28.384 19
2.23785 20
1.71236 21
2.94992 22
1.78703 23
2.59803 24
2.58287 25
2.27552 26
2.32432 27
2.18415 28
1.79398 29
1.5412 30
2.76456 31
1.66489 32
1.71039 33
1.87909 34
1.81587 35
2.62833 36
2.54433 37
2.44302 38
1.78492 39
1.64626 40
2.84193 41
2.44211 42
2.78219 43
1.77641 44
2.40709 45
2.61112 46
2.36406 47
2.50166 48
1.66283 49
1.61902 50
2.11347 51
2.607 52
1.95009 53
2.41446 54
1.6572 55
2.4942 56
2.26389 57
1.50884 58
2.62101 59
2.93358 60
2.92758 61
1.69744 62
1.52202 63
1.75338 64
2.70359 65
1.71722 66
1.59925 67
1.96702 68
2.84284 69
1.84274 70
1.58071 71
2.83731 72
1.57064 73
2.91925 74
1.88874 75
2.37834 76
1.51076 77
1.83349 78
2.78265 79
2.29521 80
1.5466 81
2.92186 82
1.93837 83
1.86082 84
1.62017 85
1.81596 86
1.9667 87
1.73026 88
2.46834 89
