0 1
0 2
0 3
0 4
0.915262 5
1.23945 6
0.732582 7
0.513367 8
0.749351 9
1.67498 10
1.93385 11
1.79336 12
1.41725 13
1.0638 14
0.913831 15
1.22741 16
1.61666 17
1.35861 18
1.27566 19
1.48596 20
1.92438 21
0.605564 22
1.37307 23
1.25588 24
1.63378 25
0.552644 26
1.88208 27
0.975311 28
1.35092 29
1.83525 30
0.791101 31
0.684988 32
1.00447 33
1.62082 34
1.77894 35
1.18177 36
0.802911 37
1.29887 38
1.8872 39
1.99702 40
0.572649 41
0.802957 42
1.45209 43
1.0627 44
0.78341 45
0.620579 46
0.72367 47
0.564821 48
0.760887 49
0.990371 50
1.17238 51
0.984558 52
1.58754 53
1.28687 54
0.983184 55
1.32675 56
1.69004 57
1.09278 58
1.23725 59
1.03565 60
1.61492 61
1.45882 62
1.78095 63
0.598926 64
1.4915 65
1.8509 66
1.78278 67
0.838343 68
1.68216 69
1.78498 70
1.97725 71
0.888195 72
0.620167 73
1.14917 74
1.09653 75
0.861644 76
1.83534 77
0.713645 78
1.4899 79
1.70405 80
1.6666 81
1.32798 82
1.42998 83
0.733879 84
1.16259 85
1.80558 86
1.10706 87
0.871532 88
1.66948 89
