0 1
0 2
0 3
0 4
1.03189 5
1.37305 6
0.928007 7
0.507004 8
1.41075 9
1.41153 10
1.59001 11
0.852992 12
1.99954 13
0.535615 14
1.87819 15
1.58974 16
1.92373 17
1.41345 18
1.70432 19
0.753471 20
0.721244 21
1.13984 22
1.73252 23
0.733329 24
1.52336 25
1.75202 26
1.92401 27
1.77047 28
1.60878 29
1.25135 30
1.29699 31
1.76324 32
0.929121 33
1.40036 34
1.70936 35
0.67066 36
1.15508 37
1.3668 38
1.54364 39
1.18616 40
1.89727 41
1.11608 42
1.39674 43
1.34863 44
0.864299 45
1.24169 46
1.70679 47
1.59153 48
0.958739 49
0.732322 50
1.31764 51
0.72898 52
1.81002 53
1.67745 54
1.48079 55
1.87997 56
1.24522 57
1.40942 58
1.79487 59
1.32922 60
0.697439 61
0.583865 62
1.58246 63
0.82635 64
1.05135 65
1.69727 66
0.70481 67
1.32208 68
0.926374 69
1.04169 70
1.31361 71
0.642003 72
1.89746 73
1.0979 74
1.5403 75
1.09804 76
1.15325 77
1.36502 78
0.623371 79
1.53723 80
1.59185 81
0.628178 82
1.97267 83
0.827952 84
1.85397 85
1.66381 86
0.671072 87
0.783914 88
0.793481 89
