2.3 1
2.3 2
2.3 3
2.3 4
131.55 5
240.256 6
344.826 7
393.589 8
454.66 9
486.941 10
544.98 11
579.464 12
628.335 13
663.941 14
656.353 15
639.977 16
626.898 17
610.548 18
596.796 19
588.296 20
579.796 21
571.296 22
562.796 23
554.296 24
545.796 25
537.296 26
528.796 27
520.296 28
511.796 29
503.296 30
494.796 31
486.296 32
477.796 33
469.296 34
460.796 35
452.296 36
443.796 37
435.296 38
426.796 39
418.296 40
409.796 41
401.296 42
392.796 43
384.296 44
375.796 45
367.296 46
358.796 47
350.296 48
341.796 49
333.296 50
324.796 51
316.296 52
307.796 53
299.296 54
290.796 55
282.296 56
273.796 57
265.296 58
256.796 59
248.296 60
239.796 61
231.296 62
222.796 63
214.296 64
205.796 65
197.296 66
188.796 67
180.296 68
171.796 69
163.296 70
154.796 71
146.296 72
137.796 73
129.296 74
120.796 75
112.296 76
103.796 77
95.296 78
86.796 79
78.296 80
69.796 81
61.296 82
52.796 83
44.296 84
35.796 85
27.296 86
18.796 87
10.296 88
1.79597 89
