1025 1
1025 2
1025 3
1025 4
977.466 5
970.15 6
974.457 7
964.886 8
955.534 9
946.232 10
937.089 11
927.246 12
917.948 13
908.892 14
918.583 15
928.052 16
937.437 17
946.662 18
956.008 19
965.513 20
974.816 21
984.693 22
994.168 23
1003.74 24
1013.1 25
1022.21 26
1024.72 27
1029.83 28
1028.39 29
1025.73 30
1026.58 31
1023.14 32
1028.35 33
1020.02 34
1025.53 35
1025.43 36
1024.37 37
1025.04 38
1021.78 39
1020.94 40
1022.27 41
1024.52 42
1026.25 43
1025.55 44
1025.85 45
1026.2 46
1029.12 47
1023.15 48
1028.51 49
1026.41 50
1024.66 51
1028.27 52
1021.27 53
1020.72 54
1022.27 55
1024.93 56
1026.88 57
1021.01 58
1023.8 59
1021.77 60
1020.28 61
1028.64 62
1027.08 63
1023.41 64
1025.27 65
1024.02 66
1025.73 67
1028.08 68
1027.44 69
1022.29 70
1025.25 71
1021.47 72
1023.36 73
1025.34 74
1025.26 75
1026.84 76
1026.02 77
1020.04 78
1028.11 79
1021.43 80
1026.45 81
1022.75 82
1023.68 83
1029.02 84
1021.72 85
1020.04 86
1020.39 87
1028.85 88
1029.09 89
