39 1
41 2
32 3
38 4
26.6457 5
24.608 6
24.9771 7
23.0633 8
21.9016 9
21.0398 10
20.0787 11
19.5593 12
17.5324 13
17.3544 14
16.1758 15
15.4875 16
14.1981 17
12.3031 18
12.5031 19
12.7095 20
13 21
13.2683 22
13.4861 23
13.7266 24
13.9742 25
14.2405 26
14.4751 27
14.7022 28
14.9784 29
15.2778 30
15.5405 31
15.8148 32
16.0881 33
16.3026 34
16.5141 35
16.7828 36
17.0118 37
17.2278 38
17.4614 39
17.7239 40
17.9529 41
18.2133 42
18.4962 43
18.77 44
19.0399 45
19.3011 46
19.5878 47
19.8855 48
20.1724 49
20.3801 50
20.6099 51
20.8413 52
21.1357 53
21.4313 54
21.6818 55
21.8933 56
22.1315 57
22.4023 58
22.652 59
22.9151 60
23.1763 61
23.461 62
23.6736 63
23.9361 64
24.2167 65
24.4798 66
24.7225 67
24.9336 68
25.2126 69
25.4989 70
25.7071 71
25.9303 72
26.1362 73
26.4199 74
26.6204 75
26.8459 76
27.14 77
27.3783 78
27.5848 79
27.8533 80
28.1402 81
28.3461 82
28.6383 83
28.8905 84
29.1687 85
29.4143 86
29.7136 87
29.9756 88
30.2413 89
