0 1
0 2
0 3
0 4
129.25 5
108.705 6
104.57 7
48.7633 8
61.0706 9
32.2816 10
58.0389 11
34.4832 12
48.8718 13
35.6058 14
7.58789 15
16.3761 16
13.0796 17
16.3501 18
13.7515 19
8.5 20
8.5 21
8.5 22
8.5 23
8.5 24
8.5 25
8.5 26
8.5 27
8.5 28
8.5 29
8.5 30
8.5 31
8.5 32
8.5 33
8.5 34
8.5 35
8.5 36
8.5 37
8.5 38
8.5 39
8.5 40
8.5 41
8.5 42
8.5 43
8.5 44
8.5 45
8.5 46
8.5 47
8.5 48
8.5 49
8.5 50
8.5 51
8.5 52
8.5 53
8.5 54
8.5 55
8.5 56
8.5 57
8.5 58
8.5 59
8.5 60
8.5 61
8.5 62
8.5 63
8.5 64
8.5 65
8.5 66
8.5 67
8.5 68
8.5 69
8.5 70
8.5 71
8.5 72
8.5 73
8.5 74
8.5 75
8.5 76
8.5 77
8.5 78
8.5 79
8.5 80
8.5 81
8.5 82
8.5 83
8.5 84
8.5 85
8.5 86
8.5 87
8.5 88
8.5 89
